<?xml version="1.0" encoding="UTF-8"?>
<!-- Generated by org.testng.reporters.JUnitReportReporter -->
<testsuite hostname="Rajkumar-HP" name="com.actitimeproject.testscript.CreateprojectTest" tests="1" failures="0" timestamp="30 Jul 2018 11:42:28 GMT" time="0.068" errors="0">
  <testcase name="createNewCustomer" time="0.068" classname="com.actitimeproject.testscript.CreateprojectTest"/>
</testsuite> <!-- com.actitimeproject.testscript.CreateprojectTest -->
